<?xml version="1.0" encoding="UTF-8"?>
<!-- Generated by org.testng.reporters.JUnitReportReporter -->
<testsuite hostname="DESKTOP-T2AFCJB" failures="0" tests="1" name="TestCases.Selectandaddbrandtocart" time="62.690" errors="0" timestamp="2023-06-01T01:33:05 IST" skipped="0">
  <testcase classname="TestCases.Selectandaddbrandtocart" name="CreateaccTestcases" time="62.690"/>
  <system-out/>
</testsuite> <!-- TestCases.Selectandaddbrandtocart -->
