<?xml version="1.0" encoding="UTF-8"?>
<!-- Generated by org.testng.reporters.JUnitReportReporter -->
<testsuite hostname="DESKTOP-T2AFCJB" failures="0" tests="1" name="TestCases.SearchandAdditemtestcase" time="87.642" errors="0" timestamp="2023-06-01T06:13:07 IST" skipped="0">
  <testcase classname="TestCases.SearchandAdditemtestcase" name="CreateaccTestcases" time="87.642"/>
  <system-out/>
</testsuite> <!-- TestCases.SearchandAdditemtestcase -->
