<?xml version="1.0" encoding="UTF-8"?>
<!-- Generated by org.testng.reporters.JUnitReportReporter -->
<testsuite hostname="DESKTOP-T2AFCJB" failures="0" tests="1" name="TestCases.BrokenLinkTestcase" time="52.947" errors="0" timestamp="2023-05-31T01:34:23 IST" skipped="0">
  <testcase classname="TestCases.BrokenLinkTestcase" name="BrokenLinksTestcase" time="52.947"/>
  <system-out/>
</testsuite> <!-- TestCases.BrokenLinkTestcase -->
