<?xml version="1.0" encoding="UTF-8"?>
<!-- Generated by org.testng.reporters.JUnitReportReporter -->
<testsuite hostname="DESKTOP-T2AFCJB" failures="0" tests="1" name="TestCases.NavigatingMenusandValidatingTitleTestCases" time="93.021" errors="0" timestamp="2023-06-01T08:42:17 IST" skipped="0">
  <testcase classname="TestCases.NavigatingMenusandValidatingTitleTestCases" name="pageNavigation" time="93.021"/>
  <system-out/>
</testsuite> <!-- TestCases.NavigatingMenusandValidatingTitleTestCases -->
